  Attack.cpp
  battleMapTile.cpp
  ButtonObject.cpp
  CardEvent.cpp
  cardType.cpp
  Character.cpp
C:\Users\matth\OneDrive\Desktop\Kraken Engine\CProject2021\Kraken Engine - Copy\Kraken Engine\Character.cpp(15,20): warning C4018: '<': signed/unsigned mismatch
C:\Users\matth\OneDrive\Desktop\Kraken Engine\CProject2021\Kraken Engine - Copy\Kraken Engine\Character.cpp(31,20): warning C4018: '<': signed/unsigned mismatch
C:\Users\matth\OneDrive\Desktop\Kraken Engine\CProject2021\Kraken Engine - Copy\Kraken Engine\Character.cpp(344,22): warning C4018: '<': signed/unsigned mismatch
C:\Users\matth\OneDrive\Desktop\Kraken Engine\CProject2021\Kraken Engine - Copy\Kraken Engine\Character.cpp(352,22): warning C4018: '<': signed/unsigned mismatch
C:\Users\matth\OneDrive\Desktop\Kraken Engine\CProject2021\Kraken Engine - Copy\Kraken Engine\Character.cpp(369,36): warning C4018: '<': signed/unsigned mismatch
C:\Users\matth\OneDrive\Desktop\Kraken Engine\CProject2021\Kraken Engine - Copy\Kraken Engine\Character.cpp(391,24): warning C4018: '<': signed/unsigned mismatch
C:\Users\matth\OneDrive\Desktop\Kraken Engine\CProject2021\Kraken Engine - Copy\Kraken Engine\Character.cpp(397,24): warning C4018: '<': signed/unsigned mismatch
C:\Users\matth\OneDrive\Desktop\Kraken Engine\CProject2021\Kraken Engine - Copy\Kraken Engine\Character.cpp(403,24): warning C4018: '<': signed/unsigned mismatch
C:\Users\matth\OneDrive\Desktop\Kraken Engine\CProject2021\Kraken Engine - Copy\Kraken Engine\Character.cpp(409,24): warning C4018: '<': signed/unsigned mismatch
C:\Users\matth\OneDrive\Desktop\Kraken Engine\CProject2021\Kraken Engine - Copy\Kraken Engine\Character.cpp(573,23): warning C4018: '<': signed/unsigned mismatch
C:\Users\matth\OneDrive\Desktop\Kraken Engine\CProject2021\Kraken Engine - Copy\Kraken Engine\Character.cpp(581,23): warning C4018: '<': signed/unsigned mismatch
C:\Users\matth\OneDrive\Desktop\Kraken Engine\CProject2021\Kraken Engine - Copy\Kraken Engine\Character.cpp(641,151): warning C4244: '=': conversion from 'double' to 'int', possible loss of data
C:\Users\matth\OneDrive\Desktop\Kraken Engine\CProject2021\Kraken Engine - Copy\Kraken Engine\Character.cpp(746,21): warning C4018: '<': signed/unsigned mismatch
C:\Users\matth\OneDrive\Desktop\Kraken Engine\CProject2021\Kraken Engine - Copy\Kraken Engine\Character.cpp(968,21): warning C4018: '<': signed/unsigned mismatch
  Creature.cpp
C:\Users\matth\OneDrive\Desktop\Kraken Engine\CProject2021\Kraken Engine - Copy\Kraken Engine\Creature.cpp(90,137): warning C4244: '=': conversion from 'double' to 'int', possible loss of data
C:\Users\matth\OneDrive\Desktop\Kraken Engine\CProject2021\Kraken Engine - Copy\Kraken Engine\Creature.cpp(154,22): warning C4018: '<': signed/unsigned mismatch
C:\Users\matth\OneDrive\Desktop\Kraken Engine\CProject2021\Kraken Engine - Copy\Kraken Engine\Creature.cpp(412,20): warning C4018: '<': signed/unsigned mismatch
  CreatureCard.cpp
  DetailObject.cpp
  Event.cpp
  Game.cpp
C:\Users\matth\OneDrive\Desktop\Kraken Engine\CProject2021\Kraken Engine - Copy\Kraken Engine\Game.cpp(425,23): warning C4018: '<': signed/unsigned mismatch
C:\Users\matth\OneDrive\Desktop\Kraken Engine\CProject2021\Kraken Engine - Copy\Kraken Engine\Game.cpp(455,36): warning C4018: '<': signed/unsigned mismatch
  GameObject.cpp
  InputManager.cpp
  KeyInputObject.cpp
  Kraken Engine.cpp
C:\Users\matth\OneDrive\Desktop\Kraken Engine\CProject2021\Kraken Engine - Copy\Kraken Engine\Kraken Engine.cpp(14,12): warning C4244: 'argument': conversion from 'time_t' to 'unsigned int', possible loss of data
C:\Users\matth\OneDrive\Desktop\Kraken Engine\CProject2021\Kraken Engine - Copy\Kraken Engine\Kraken Engine.cpp(39,25): warning C4244: 'argument': conversion from 'double' to 'Uint32', possible loss of data
  Move.cpp
  ObjectDataBase.cpp
C:\Users\matth\OneDrive\Desktop\Kraken Engine\CProject2021\Kraken Engine - Copy\Kraken Engine\ObjectDataBase.cpp(107,20): warning C4018: '<': signed/unsigned mismatch
C:\Users\matth\OneDrive\Desktop\Kraken Engine\CProject2021\Kraken Engine - Copy\Kraken Engine\ObjectDataBase.cpp(111,20): warning C4018: '<': signed/unsigned mismatch
C:\Users\matth\OneDrive\Desktop\Kraken Engine\CProject2021\Kraken Engine - Copy\Kraken Engine\ObjectDataBase.cpp(115,20): warning C4018: '<': signed/unsigned mismatch
C:\Users\matth\OneDrive\Desktop\Kraken Engine\CProject2021\Kraken Engine - Copy\Kraken Engine\ObjectDataBase.cpp(119,20): warning C4018: '<': signed/unsigned mismatch
C:\Users\matth\OneDrive\Desktop\Kraken Engine\CProject2021\Kraken Engine - Copy\Kraken Engine\ObjectDataBase.cpp(123,20): warning C4018: '<': signed/unsigned mismatch
C:\Users\matth\OneDrive\Desktop\Kraken Engine\CProject2021\Kraken Engine - Copy\Kraken Engine\ObjectDataBase.cpp(129,20): warning C4018: '<': signed/unsigned mismatch
C:\Users\matth\OneDrive\Desktop\Kraken Engine\CProject2021\Kraken Engine - Copy\Kraken Engine\ObjectDataBase.cpp(133,20): warning C4018: '<': signed/unsigned mismatch
C:\Users\matth\OneDrive\Desktop\Kraken Engine\CProject2021\Kraken Engine - Copy\Kraken Engine\ObjectDataBase.cpp(137,20): warning C4018: '<': signed/unsigned mismatch
C:\Users\matth\OneDrive\Desktop\Kraken Engine\CProject2021\Kraken Engine - Copy\Kraken Engine\ObjectDataBase.cpp(141,20): warning C4018: '<': signed/unsigned mismatch
C:\Users\matth\OneDrive\Desktop\Kraken Engine\CProject2021\Kraken Engine - Copy\Kraken Engine\ObjectDataBase.cpp(291,20): warning C4018: '<': signed/unsigned mismatch
C:\Users\matth\OneDrive\Desktop\Kraken Engine\CProject2021\Kraken Engine - Copy\Kraken Engine\ObjectDataBase.cpp(297,20): warning C4018: '<': signed/unsigned mismatch
C:\Users\matth\OneDrive\Desktop\Kraken Engine\CProject2021\Kraken Engine - Copy\Kraken Engine\ObjectDataBase.cpp(303,20): warning C4018: '<': signed/unsigned mismatch
C:\Users\matth\OneDrive\Desktop\Kraken Engine\CProject2021\Kraken Engine - Copy\Kraken Engine\ObjectDataBase.cpp(309,20): warning C4018: '<': signed/unsigned mismatch
C:\Users\matth\OneDrive\Desktop\Kraken Engine\CProject2021\Kraken Engine - Copy\Kraken Engine\ObjectDataBase.cpp(320,20): warning C4018: '<': signed/unsigned mismatch
C:\Users\matth\OneDrive\Desktop\Kraken Engine\CProject2021\Kraken Engine - Copy\Kraken Engine\ObjectDataBase.cpp(332,20): warning C4018: '<': signed/unsigned mismatch
C:\Users\matth\OneDrive\Desktop\Kraken Engine\CProject2021\Kraken Engine - Copy\Kraken Engine\ObjectDataBase.cpp(344,20): warning C4018: '<': signed/unsigned mismatch
C:\Users\matth\OneDrive\Desktop\Kraken Engine\CProject2021\Kraken Engine - Copy\Kraken Engine\ObjectDataBase.cpp(356,20): warning C4018: '<': signed/unsigned mismatch
C:\Users\matth\OneDrive\Desktop\Kraken Engine\CProject2021\Kraken Engine - Copy\Kraken Engine\ObjectDataBase.cpp(368,20): warning C4018: '<': signed/unsigned mismatch
C:\Users\matth\OneDrive\Desktop\Kraken Engine\CProject2021\Kraken Engine - Copy\Kraken Engine\ObjectDataBase.cpp(444,20): warning C4018: '<': signed/unsigned mismatch
C:\Users\matth\OneDrive\Desktop\Kraken Engine\CProject2021\Kraken Engine - Copy\Kraken Engine\ObjectDataBase.cpp(454,20): warning C4018: '<': signed/unsigned mismatch
C:\Users\matth\OneDrive\Desktop\Kraken Engine\CProject2021\Kraken Engine - Copy\Kraken Engine\ObjectDataBase.cpp(464,20): warning C4018: '<': signed/unsigned mismatch
C:\Users\matth\OneDrive\Desktop\Kraken Engine\CProject2021\Kraken Engine - Copy\Kraken Engine\ObjectDataBase.cpp(474,20): warning C4018: '<': signed/unsigned mismatch
C:\Users\matth\OneDrive\Desktop\Kraken Engine\CProject2021\Kraken Engine - Copy\Kraken Engine\ObjectDataBase.cpp(482,20): warning C4018: '<': signed/unsigned mismatch
C:\Users\matth\OneDrive\Desktop\Kraken Engine\CProject2021\Kraken Engine - Copy\Kraken Engine\ObjectDataBase.cpp(490,20): warning C4018: '<': signed/unsigned mismatch
C:\Users\matth\OneDrive\Desktop\Kraken Engine\CProject2021\Kraken Engine - Copy\Kraken Engine\ObjectDataBase.cpp(756,20): warning C4018: '<': signed/unsigned mismatch
C:\Users\matth\OneDrive\Desktop\Kraken Engine\CProject2021\Kraken Engine - Copy\Kraken Engine\ObjectDataBase.cpp(775,20): warning C4018: '<': signed/unsigned mismatch
C:\Users\matth\OneDrive\Desktop\Kraken Engine\CProject2021\Kraken Engine - Copy\Kraken Engine\ObjectDataBase.cpp(794,20): warning C4018: '<': signed/unsigned mismatch
C:\Users\matth\OneDrive\Desktop\Kraken Engine\CProject2021\Kraken Engine - Copy\Kraken Engine\ObjectDataBase.cpp(813,20): warning C4018: '<': signed/unsigned mismatch
C:\Users\matth\OneDrive\Desktop\Kraken Engine\CProject2021\Kraken Engine - Copy\Kraken Engine\ObjectDataBase.cpp(834,20): warning C4018: '<': signed/unsigned mismatch
C:\Users\matth\OneDrive\Desktop\Kraken Engine\CProject2021\Kraken Engine - Copy\Kraken Engine\ObjectDataBase.cpp(838,20): warning C4018: '<': signed/unsigned mismatch
C:\Users\matth\OneDrive\Desktop\Kraken Engine\CProject2021\Kraken Engine - Copy\Kraken Engine\ObjectDataBase.cpp(859,20): warning C4018: '<': signed/unsigned mismatch
C:\Users\matth\OneDrive\Desktop\Kraken Engine\CProject2021\Kraken Engine - Copy\Kraken Engine\ObjectDataBase.cpp(863,20): warning C4018: '<': signed/unsigned mismatch
C:\Users\matth\OneDrive\Desktop\Kraken Engine\CProject2021\Kraken Engine - Copy\Kraken Engine\ObjectDataBase.cpp(909,20): warning C4018: '<': signed/unsigned mismatch
C:\Users\matth\OneDrive\Desktop\Kraken Engine\CProject2021\Kraken Engine - Copy\Kraken Engine\ObjectDataBase.cpp(939,20): warning C4018: '<': signed/unsigned mismatch
C:\Users\matth\OneDrive\Desktop\Kraken Engine\CProject2021\Kraken Engine - Copy\Kraken Engine\ObjectDataBase.cpp(969,20): warning C4018: '<': signed/unsigned mismatch
C:\Users\matth\OneDrive\Desktop\Kraken Engine\CProject2021\Kraken Engine - Copy\Kraken Engine\ObjectDataBase.cpp(999,20): warning C4018: '<': signed/unsigned mismatch
  PlayerCard.cpp
  rendererStorage.cpp
  testObj.cpp
  Generating Code...
C:\Users\matth\OneDrive\Desktop\Kraken Engine\CProject2021\Kraken Engine - Copy\Kraken Engine\ObjectDataBase.cpp(389): warning C4715: 'ObjectDataBase::getDetailObject': not all control paths return a value
C:\Users\matth\OneDrive\Desktop\Kraken Engine\CProject2021\Kraken Engine - Copy\Kraken Engine\ObjectDataBase.cpp(428): warning C4715: 'ObjectDataBase::getAdvancedButtonObject': not all control paths return a value
C:\Users\matth\OneDrive\Desktop\Kraken Engine\CProject2021\Kraken Engine - Copy\Kraken Engine\ObjectDataBase.cpp(415): warning C4715: 'ObjectDataBase::getButtonObject': not all control paths return a value
C:\Users\matth\OneDrive\Desktop\Kraken Engine\CProject2021\Kraken Engine - Copy\Kraken Engine\ObjectDataBase.cpp(441): warning C4715: 'ObjectDataBase::getTextObject': not all control paths return a value
C:\Users\matth\OneDrive\Desktop\Kraken Engine\CProject2021\Kraken Engine - Copy\Kraken Engine\ObjectDataBase.cpp(402): warning C4715: 'ObjectDataBase::getKeyInputObject': not all control paths return a value
  Compiling...
  TextManager.cpp
C:\Users\matth\OneDrive\Desktop\Kraken Engine\CProject2021\Kraken Engine - Copy\Kraken Engine\TextManager.cpp(5,22): warning C4838: conversion from 'int' to 'Uint8' requires a narrowing conversion
C:\Users\matth\OneDrive\Desktop\Kraken Engine\CProject2021\Kraken Engine - Copy\Kraken Engine\TextManager.cpp(5,30): warning C4838: conversion from 'int' to 'Uint8' requires a narrowing conversion
C:\Users\matth\OneDrive\Desktop\Kraken Engine\CProject2021\Kraken Engine - Copy\Kraken Engine\TextManager.cpp(5,38): warning C4838: conversion from 'int' to 'Uint8' requires a narrowing conversion
  TextObject.cpp
  TextureManager.cpp
  Generating Code...
  Kraken Engine.vcxproj -> C:\Users\matth\OneDrive\Desktop\Kraken Engine\CProject2021\Kraken Engine - Copy\Debug\Kraken Engine.exe
