c:\users\matth\onedrive\desktop\kraken engine\kraken engine\kraken engine\debug\vc142.pdb
c:\users\matth\onedrive\desktop\kraken engine\kraken engine\kraken engine\debug\vc142.idb
c:\users\matth\onedrive\desktop\kraken engine\kraken engine\kraken engine\debug\texturemanager.obj
c:\users\matth\onedrive\desktop\kraken engine\kraken engine\kraken engine\debug\kraken engine.obj
c:\users\matth\onedrive\desktop\kraken engine\kraken engine\kraken engine\debug\game.obj
c:\users\matth\onedrive\desktop\kraken engine\kraken engine\kraken engine\debug\gameobject.obj
c:\users\matth\onedrive\desktop\kraken engine\kraken engine\kraken engine\debug\detailobject.obj
c:\users\matth\onedrive\desktop\kraken engine\kraken engine\kraken engine\debug\textobject.obj
c:\users\matth\onedrive\desktop\kraken engine\kraken engine\kraken engine\debug\textmanager.obj
c:\users\matth\onedrive\desktop\kraken engine\kraken engine\kraken engine\debug\buttonobject.obj
c:\users\matth\onedrive\desktop\kraken engine\kraken engine\kraken engine\debug\objectdatabase.obj
c:\users\matth\onedrive\desktop\kraken engine\kraken engine\kraken engine\debug\keyinputobject.obj
c:\users\matth\onedrive\desktop\kraken engine\kraken engine\kraken engine\debug\inputmanager.obj
c:\users\matth\onedrive\desktop\kraken engine\kraken engine\kraken engine\debug\testclass.obj
c:\users\matth\onedrive\desktop\kraken engine\kraken engine - copy\kraken engine\debug\vc142.pdb
c:\users\matth\onedrive\desktop\kraken engine\kraken engine - copy\kraken engine\debug\vc142.idb
c:\users\matth\onedrive\desktop\kraken engine\kraken engine - copy\kraken engine\debug\texturemanager.obj
c:\users\matth\onedrive\desktop\kraken engine\kraken engine - copy\kraken engine\debug\textmanager.obj
c:\users\matth\onedrive\desktop\kraken engine\kraken engine - copy\kraken engine\debug\objectdatabase.obj
c:\users\matth\onedrive\desktop\kraken engine\kraken engine - copy\kraken engine\debug\kraken engine.obj
c:\users\matth\onedrive\desktop\kraken engine\kraken engine - copy\kraken engine\debug\keyinputobject.obj
c:\users\matth\onedrive\desktop\kraken engine\kraken engine - copy\kraken engine\debug\inputmanager.obj
c:\users\matth\onedrive\desktop\kraken engine\kraken engine - copy\kraken engine\debug\game.obj
c:\users\matth\onedrive\desktop\kraken engine\kraken engine - copy\kraken engine\debug\textobject.obj
c:\users\matth\onedrive\desktop\kraken engine\kraken engine - copy\kraken engine\debug\gameobject.obj
c:\users\matth\onedrive\desktop\kraken engine\kraken engine - copy\kraken engine\debug\detailobject.obj
c:\users\matth\onedrive\desktop\kraken engine\kraken engine - copy\kraken engine\debug\buttonobject.obj
c:\users\matth\onedrive\desktop\kraken engine\kraken engine - copy\kraken engine\debug\rendererstorage.obj
c:\users\matth\onedrive\desktop\kraken engine\kraken engine - copy\kraken engine\debug\testobj.obj
c:\users\matth\onedrive\desktop\kraken engine\cproject2021\kraken engine - copy\kraken engine\debug\vc142.pdb
c:\users\matth\onedrive\desktop\kraken engine\cproject2021\kraken engine - copy\kraken engine\debug\vc142.idb
c:\users\matth\onedrive\desktop\kraken engine\cproject2021\kraken engine - copy\kraken engine\debug\texturemanager.obj
c:\users\matth\onedrive\desktop\kraken engine\cproject2021\kraken engine - copy\kraken engine\debug\textobject.obj
c:\users\matth\onedrive\desktop\kraken engine\cproject2021\kraken engine - copy\kraken engine\debug\textmanager.obj
c:\users\matth\onedrive\desktop\kraken engine\cproject2021\kraken engine - copy\kraken engine\debug\testobj.obj
c:\users\matth\onedrive\desktop\kraken engine\cproject2021\kraken engine - copy\kraken engine\debug\rendererstorage.obj
c:\users\matth\onedrive\desktop\kraken engine\cproject2021\kraken engine - copy\kraken engine\debug\objectdatabase.obj
c:\users\matth\onedrive\desktop\kraken engine\cproject2021\kraken engine - copy\kraken engine\debug\kraken engine.obj
c:\users\matth\onedrive\desktop\kraken engine\cproject2021\kraken engine - copy\kraken engine\debug\keyinputobject.obj
c:\users\matth\onedrive\desktop\kraken engine\cproject2021\kraken engine - copy\kraken engine\debug\inputmanager.obj
c:\users\matth\onedrive\desktop\kraken engine\cproject2021\kraken engine - copy\kraken engine\debug\gameobject.obj
c:\users\matth\onedrive\desktop\kraken engine\cproject2021\kraken engine - copy\kraken engine\debug\game.obj
c:\users\matth\onedrive\desktop\kraken engine\cproject2021\kraken engine - copy\kraken engine\debug\detailobject.obj
c:\users\matth\onedrive\desktop\kraken engine\cproject2021\kraken engine - copy\kraken engine\debug\buttonobject.obj
c:\users\matth\onedrive\desktop\kraken engine\cproject2021\kraken engine - copy\kraken engine\debug\event.obj
c:\users\matth\onedrive\desktop\kraken engine\cproject2021\kraken engine - copy\kraken engine\debug\battlemaptile.obj
c:\users\matth\onedrive\desktop\kraken engine\kraken engine\debug\kraken engine.exe
c:\users\matth\onedrive\desktop\kraken engine\kraken engine\debug\kraken engine.ilk
c:\users\matth\onedrive\desktop\kraken engine\kraken engine\debug\kraken engine.pdb
c:\users\matth\onedrive\desktop\kraken engine\kraken engine - copy\debug\kraken engine.exe
c:\users\matth\onedrive\desktop\kraken engine\kraken engine - copy\debug\kraken engine.ilk
c:\users\matth\onedrive\desktop\kraken engine\kraken engine - copy\debug\kraken engine.pdb
c:\users\matth\onedrive\desktop\kraken engine\cproject2021\kraken engine - copy\debug\kraken engine.exe
c:\users\matth\onedrive\desktop\kraken engine\cproject2021\kraken engine - copy\debug\kraken engine.ilk
c:\users\matth\onedrive\desktop\kraken engine\cproject2021\kraken engine - copy\debug\kraken engine.pdb
c:\users\matth\onedrive\desktop\kraken engine\cproject2021\kraken engine - copy\kraken engine\debug\testclass.obj
c:\users\matth\onedrive\desktop\kraken engine\cproject2021\kraken engine - copy\kraken engine\debug\game.obj.enc
c:\users\matth\onedrive\desktop\kraken engine\cproject2021\kraken engine - copy\kraken engine\debug\kraken engine.tlog\cl.command.1.tlog
c:\users\matth\onedrive\desktop\kraken engine\cproject2021\kraken engine - copy\kraken engine\debug\kraken engine.tlog\cl.read.1.tlog
c:\users\matth\onedrive\desktop\kraken engine\cproject2021\kraken engine - copy\kraken engine\debug\kraken engine.tlog\cl.write.1.tlog
c:\users\matth\onedrive\desktop\kraken engine\cproject2021\kraken engine - copy\kraken engine\debug\kraken engine.tlog\link.command.1.tlog
c:\users\matth\onedrive\desktop\kraken engine\cproject2021\kraken engine - copy\kraken engine\debug\kraken engine.tlog\link.read.1.tlog
c:\users\matth\onedrive\desktop\kraken engine\cproject2021\kraken engine - copy\kraken engine\debug\kraken engine.tlog\link.write.1.tlog
